hamlyn_abdo_all:   0%|          | 0/4000 [00:00<?, ?sample/s]hamlyn_abdo_all:   0%|          | 1/4000 [00:17<19:34:17, 17.62s/sample]hamlyn_abdo_all:   0%|          | 10/4000 [00:17<1:25:20,  1.28s/sample]hamlyn_abdo_all:   0%|          | 19/4000 [00:17<37:05,  1.79sample/s]  hamlyn_abdo_all:   1%|          | 27/4000 [00:17<21:51,  3.03sample/s]hamlyn_abdo_all:   1%|          | 35/4000 [00:18<13:57,  4.73sample/s]hamlyn_abdo_all:   1%|          | 43/4000 [00:18<09:23,  7.02sample/s]hamlyn_abdo_all:   1%|▏         | 52/4000 [00:18<06:18, 10.43sample/s]hamlyn_abdo_all:   2%|▏         | 61/4000 [00:18<04:25, 14.86sample/s]hamlyn_abdo_all:   2%|▏         | 69/4000 [00:18<03:21, 19.47sample/s]hamlyn_abdo_all:   2%|▏         | 77/4000 [00:18<02:37, 24.90sample/s]hamlyn_abdo_all:   2%|▏         | 85/4000 [00:18<02:05, 31.10sample/s]hamlyn_abdo_all:   2%|▏         | 93/4000 [00:18<01:44, 37.43sample/s]hamlyn_abdo_all:   3%|▎         | 101/4000 [00:18<01:29, 43.79sample/s]hamlyn_abdo_all:   3%|▎         | 109/4000 [00:19<01:17, 50.04sample/s]hamlyn_abdo_all:   3%|▎         | 117/4000 [00:19<01:13, 52.79sample/s]hamlyn_abdo_all:   3%|▎         | 124/4000 [00:19<01:14, 52.18sample/s]hamlyn_abdo_all:   3%|▎         | 131/4000 [00:19<01:08, 56.18sample/s]hamlyn_abdo_all:   3%|▎         | 138/4000 [00:19<01:07, 56.81sample/s]hamlyn_abdo_all:   4%|▎         | 145/4000 [00:19<01:06, 57.61sample/s]hamlyn_abdo_all:   4%|▍         | 153/4000 [00:19<01:03, 60.49sample/s]hamlyn_abdo_all:   4%|▍         | 160/4000 [00:19<01:01, 62.47sample/s]hamlyn_abdo_all:   4%|▍         | 167/4000 [00:19<01:00, 62.91sample/s]hamlyn_abdo_all:   4%|▍         | 175/4000 [00:20<00:57, 66.80sample/s]hamlyn_abdo_all:   5%|▍         | 183/4000 [00:20<00:55, 69.29sample/s]hamlyn_abdo_all:   5%|▍         | 191/4000 [00:20<00:55, 68.78sample/s]hamlyn_abdo_all:   5%|▍         | 198/4000 [00:20<00:56, 67.80sample/s]hamlyn_abdo_all:   5%|▌         | 206/4000 [00:20<00:53, 70.40sample/s]hamlyn_abdo_all:   5%|▌         | 214/4000 [00:20<00:52, 71.46sample/s]hamlyn_abdo_all:   6%|▌         | 222/4000 [00:20<00:55, 67.93sample/s]hamlyn_abdo_all:   6%|▌         | 229/4000 [00:20<00:56, 67.00sample/s]hamlyn_abdo_all:   6%|▌         | 236/4000 [00:20<00:57, 65.67sample/s]hamlyn_abdo_all:   6%|▌         | 243/4000 [00:21<00:58, 64.01sample/s]hamlyn_abdo_all:   6%|▋         | 250/4000 [00:21<00:57, 65.21sample/s]hamlyn_abdo_all:   6%|▋         | 257/4000 [00:21<00:57, 64.94sample/s]hamlyn_abdo_all:   7%|▋         | 265/4000 [00:21<00:56, 66.48sample/s]hamlyn_abdo_all:   7%|▋         | 273/4000 [00:21<00:55, 67.67sample/s]hamlyn_abdo_all:   7%|▋         | 282/4000 [00:21<00:50, 72.99sample/s]hamlyn_abdo_all:   7%|▋         | 290/4000 [00:21<00:51, 71.61sample/s]hamlyn_abdo_all:   7%|▋         | 298/4000 [00:21<00:52, 70.65sample/s]hamlyn_abdo_all:   8%|▊         | 306/4000 [00:22<00:53, 69.03sample/s]hamlyn_abdo_all:   8%|▊         | 313/4000 [00:22<00:57, 63.97sample/s]hamlyn_abdo_all:   8%|▊         | 321/4000 [00:22<00:55, 65.70sample/s]hamlyn_abdo_all:   8%|▊         | 329/4000 [00:22<00:54, 66.86sample/s]hamlyn_abdo_all:   8%|▊         | 337/4000 [00:22<00:54, 67.57sample/s]hamlyn_abdo_all:   9%|▊         | 345/4000 [00:22<00:53, 68.96sample/s]hamlyn_abdo_all:   9%|▉         | 352/4000 [00:22<00:53, 67.94sample/s]hamlyn_abdo_all:   9%|▉         | 360/4000 [00:22<00:51, 70.24sample/s]hamlyn_abdo_all:   9%|▉         | 368/4000 [00:22<00:51, 69.97sample/s]hamlyn_abdo_all:   9%|▉         | 376/4000 [00:23<00:50, 71.45sample/s]hamlyn_abdo_all:  10%|▉         | 384/4000 [00:23<00:49, 72.79sample/s]hamlyn_abdo_all:  10%|▉         | 392/4000 [00:23<00:49, 72.76sample/s]hamlyn_abdo_all:  10%|█         | 400/4000 [00:23<00:50, 71.41sample/s]hamlyn_abdo_all:  10%|█         | 408/4000 [00:23<00:49, 73.30sample/s]hamlyn_abdo_all:  10%|█         | 416/4000 [00:23<00:47, 75.03sample/s]hamlyn_abdo_all:  11%|█         | 425/4000 [00:23<00:47, 75.36sample/s]hamlyn_abdo_all:  11%|█         | 433/4000 [00:23<00:48, 74.18sample/s]hamlyn_abdo_all:  11%|█         | 441/4000 [00:23<00:50, 70.91sample/s]hamlyn_abdo_all:  11%|█▏        | 450/4000 [00:24<00:47, 74.44sample/s]hamlyn_abdo_all:  11%|█▏        | 458/4000 [00:24<00:49, 72.13sample/s]hamlyn_abdo_all:  12%|█▏        | 466/4000 [00:24<00:49, 71.11sample/s]hamlyn_abdo_all:  12%|█▏        | 475/4000 [00:24<00:47, 73.74sample/s]hamlyn_abdo_all:  12%|█▏        | 483/4000 [00:24<00:46, 75.04sample/s]hamlyn_abdo_all:  12%|█▏        | 492/4000 [00:24<00:45, 77.81sample/s]hamlyn_abdo_all:  12%|█▎        | 500/4000 [00:24<00:47, 73.76sample/s]hamlyn_abdo_all:  13%|█▎        | 508/4000 [00:24<00:47, 73.63sample/s]hamlyn_abdo_all:  13%|█▎        | 516/4000 [00:24<00:46, 74.49sample/s]hamlyn_abdo_all:  13%|█▎        | 524/4000 [00:25<00:46, 74.09sample/s]hamlyn_abdo_all:  13%|█▎        | 533/4000 [00:25<00:44, 77.11sample/s]hamlyn_abdo_all:  14%|█▎        | 541/4000 [00:25<00:48, 72.00sample/s]hamlyn_abdo_all:  14%|█▎        | 549/4000 [00:25<00:48, 71.42sample/s]hamlyn_abdo_all:  14%|█▍        | 558/4000 [00:25<00:46, 74.26sample/s]hamlyn_abdo_all:  14%|█▍        | 566/4000 [00:25<00:47, 73.02sample/s]hamlyn_abdo_all:  14%|█▍        | 574/4000 [00:25<00:47, 71.66sample/s]hamlyn_abdo_all:  15%|█▍        | 582/4000 [00:25<00:46, 73.14sample/s]hamlyn_abdo_all:  15%|█▍        | 590/4000 [00:25<00:47, 72.14sample/s]hamlyn_abdo_all:  15%|█▍        | 599/4000 [00:26<00:44, 76.07sample/s]hamlyn_abdo_all:  15%|█▌        | 608/4000 [00:26<00:42, 79.53sample/s]hamlyn_abdo_all:  15%|█▌        | 616/4000 [00:26<00:44, 75.95sample/s]hamlyn_abdo_all:  16%|█▌        | 625/4000 [00:26<00:44, 76.07sample/s]hamlyn_abdo_all:  16%|█▌        | 633/4000 [00:26<00:44, 75.67sample/s]hamlyn_abdo_all:  16%|█▌        | 641/4000 [00:26<00:44, 76.30sample/s]hamlyn_abdo_all:  16%|█▌        | 649/4000 [00:26<00:43, 76.64sample/s]hamlyn_abdo_all:  16%|█▋        | 657/4000 [00:26<00:43, 76.90sample/s]hamlyn_abdo_all:  17%|█▋        | 666/4000 [00:26<00:41, 80.42sample/s]hamlyn_abdo_all:  17%|█▋        | 675/4000 [00:27<00:42, 78.95sample/s]hamlyn_abdo_all:  17%|█▋        | 684/4000 [00:27<00:42, 78.84sample/s]hamlyn_abdo_all:  17%|█▋        | 692/4000 [00:27<00:41, 78.81sample/s]hamlyn_abdo_all:  18%|█▊        | 701/4000 [00:27<00:41, 79.29sample/s]hamlyn_abdo_all:  18%|█▊        | 709/4000 [00:27<00:41, 78.56sample/s]hamlyn_abdo_all:  18%|█▊        | 718/4000 [00:27<00:40, 81.74sample/s]hamlyn_abdo_all:  18%|█▊        | 729/4000 [00:27<00:37, 87.25sample/s]hamlyn_abdo_all:  18%|█▊        | 738/4000 [00:27<00:39, 83.31sample/s]hamlyn_abdo_all:  19%|█▊        | 748/4000 [00:27<00:37, 87.44sample/s]hamlyn_abdo_all:  19%|█▉        | 757/4000 [00:28<00:38, 84.67sample/s]hamlyn_abdo_all:  19%|█▉        | 766/4000 [00:28<00:37, 85.41sample/s]hamlyn_abdo_all:  19%|█▉        | 775/4000 [00:28<00:39, 81.28sample/s]hamlyn_abdo_all:  20%|█▉        | 784/4000 [00:28<00:42, 76.57sample/s]hamlyn_abdo_all:  20%|█▉        | 793/4000 [00:28<00:41, 77.76sample/s]hamlyn_abdo_all:  20%|██        | 801/4000 [00:28<00:44, 71.31sample/s]hamlyn_abdo_all:  20%|██        | 811/4000 [00:28<00:40, 78.45sample/s]hamlyn_abdo_all:  20%|██        | 820/4000 [00:28<00:42, 75.32sample/s]hamlyn_abdo_all:  21%|██        | 829/4000 [00:28<00:40, 79.05sample/s]hamlyn_abdo_all:  21%|██        | 838/4000 [00:29<00:41, 75.93sample/s]hamlyn_abdo_all:  21%|██        | 848/4000 [00:29<00:38, 82.01sample/s]hamlyn_abdo_all:  21%|██▏       | 857/4000 [00:29<00:38, 82.59sample/s]hamlyn_abdo_all:  22%|██▏       | 866/4000 [00:29<00:39, 79.24sample/s]hamlyn_abdo_all:  22%|██▏       | 876/4000 [00:29<00:41, 75.82sample/s]hamlyn_abdo_all:  22%|██▏       | 885/4000 [00:29<00:40, 77.30sample/s]hamlyn_abdo_all:  22%|██▏       | 894/4000 [00:29<00:38, 79.95sample/s]hamlyn_abdo_all:  23%|██▎       | 903/4000 [00:29<00:40, 77.41sample/s]hamlyn_abdo_all:  23%|██▎       | 911/4000 [00:29<00:39, 77.91sample/s]hamlyn_abdo_all:  23%|██▎       | 919/4000 [00:30<00:50, 61.57sample/s]hamlyn_abdo_all:  23%|██▎       | 927/4000 [00:30<00:47, 64.92sample/s]hamlyn_abdo_all:  23%|██▎       | 936/4000 [00:30<00:44, 68.73sample/s]hamlyn_abdo_all:  24%|██▎       | 944/4000 [00:30<00:46, 65.37sample/s]hamlyn_abdo_all:  24%|██▍       | 951/4000 [00:30<00:46, 66.26sample/s]hamlyn_abdo_all:  24%|██▍       | 960/4000 [00:30<00:43, 70.32sample/s]hamlyn_abdo_all:  24%|██▍       | 968/4000 [00:30<00:41, 72.66sample/s]hamlyn_abdo_all:  24%|██▍       | 976/4000 [00:30<00:42, 71.23sample/s]hamlyn_abdo_all:  25%|██▍       | 984/4000 [00:31<00:42, 71.79sample/s]hamlyn_abdo_all:  25%|██▍       | 992/4000 [00:31<00:42, 71.60sample/s]hamlyn_abdo_all:  25%|██▌       | 1000/4000 [00:31<00:43, 68.61sample/s]hamlyn_abdo_all:  25%|██▌       | 1007/4000 [00:31<00:45, 66.29sample/s]hamlyn_abdo_all:  25%|██▌       | 1015/4000 [00:31<00:43, 68.91sample/s]hamlyn_abdo_all:  26%|██▌       | 1023/4000 [00:31<00:43, 68.27sample/s]hamlyn_abdo_all:  26%|██▌       | 1031/4000 [00:31<00:42, 70.39sample/s]hamlyn_abdo_all:  26%|██▌       | 1039/4000 [00:31<00:44, 66.91sample/s]hamlyn_abdo_all:  26%|██▌       | 1047/4000 [00:32<00:42, 69.30sample/s]hamlyn_abdo_all:  26%|██▋       | 1054/4000 [00:32<00:42, 68.81sample/s]hamlyn_abdo_all:  27%|██▋       | 1063/4000 [00:32<00:40, 72.06sample/s]hamlyn_abdo_all:  27%|██▋       | 1071/4000 [00:32<00:42, 69.73sample/s]hamlyn_abdo_all:  27%|██▋       | 1080/4000 [00:32<00:38, 74.91sample/s]hamlyn_abdo_all:  27%|██▋       | 1089/4000 [00:32<00:38, 76.53sample/s]hamlyn_abdo_all:  27%|██▋       | 1099/4000 [00:32<00:35, 81.93sample/s]hamlyn_abdo_all:  28%|██▊       | 1108/4000 [00:32<00:34, 83.73sample/s]hamlyn_abdo_all:  28%|██▊       | 1117/4000 [00:32<00:35, 81.23sample/s]hamlyn_abdo_all:  28%|██▊       | 1127/4000 [00:33<00:34, 84.34sample/s]hamlyn_abdo_all:  28%|██▊       | 1136/4000 [00:33<00:33, 84.60sample/s]hamlyn_abdo_all:  29%|██▊       | 1145/4000 [00:33<00:33, 84.57sample/s]hamlyn_abdo_all:  29%|██▉       | 1154/4000 [00:33<00:33, 84.55sample/s]hamlyn_abdo_all:  29%|██▉       | 1163/4000 [00:33<00:34, 83.21sample/s]hamlyn_abdo_all:  29%|██▉       | 1172/4000 [00:33<00:34, 82.74sample/s]hamlyn_abdo_all:  30%|██▉       | 1181/4000 [00:33<00:34, 81.10sample/s]hamlyn_abdo_all:  30%|██▉       | 1190/4000 [00:33<00:35, 79.90sample/s]hamlyn_abdo_all:  30%|██▉       | 1199/4000 [00:33<00:35, 78.71sample/s]hamlyn_abdo_all:  30%|███       | 1207/4000 [00:34<00:35, 77.78sample/s]hamlyn_abdo_all:  30%|███       | 1215/4000 [00:34<00:39, 70.58sample/s]hamlyn_abdo_all:  31%|███       | 1224/4000 [00:34<00:36, 75.17sample/s]hamlyn_abdo_all:  31%|███       | 1232/4000 [00:34<00:36, 75.67sample/s]hamlyn_abdo_all:  31%|███       | 1240/4000 [00:34<00:39, 69.87sample/s]hamlyn_abdo_all:  31%|███       | 1248/4000 [00:34<00:38, 70.97sample/s]hamlyn_abdo_all:  31%|███▏      | 1256/4000 [00:34<00:40, 67.04sample/s]hamlyn_abdo_all:  32%|███▏      | 1265/4000 [00:34<00:38, 70.31sample/s]hamlyn_abdo_all:  32%|███▏      | 1274/4000 [00:34<00:36, 74.65sample/s]hamlyn_abdo_all:  32%|███▏      | 1282/4000 [00:35<00:36, 74.79sample/s]hamlyn_abdo_all:  32%|███▏      | 1290/4000 [00:35<00:36, 74.23sample/s]hamlyn_abdo_all:  32%|███▏      | 1299/4000 [00:35<00:34, 78.32sample/s]hamlyn_abdo_all:  33%|███▎      | 1307/4000 [00:35<00:34, 78.54sample/s]hamlyn_abdo_all:  33%|███▎      | 1315/4000 [00:35<00:35, 75.92sample/s]hamlyn_abdo_all:  33%|███▎      | 1324/4000 [00:35<00:34, 77.45sample/s]hamlyn_abdo_all:  33%|███▎      | 1332/4000 [00:35<00:34, 77.22sample/s]hamlyn_abdo_all:  34%|███▎      | 1341/4000 [00:35<00:34, 76.79sample/s]hamlyn_abdo_all:  34%|███▎      | 1349/4000 [00:35<00:35, 74.65sample/s]hamlyn_abdo_all:  34%|███▍      | 1357/4000 [00:36<00:47, 56.01sample/s]hamlyn_abdo_all:  34%|███▍      | 1365/4000 [00:36<00:43, 60.81sample/s]hamlyn_abdo_all:  34%|███▍      | 1373/4000 [00:36<00:41, 63.32sample/s]hamlyn_abdo_all:  34%|███▍      | 1380/4000 [00:36<00:40, 64.58sample/s]hamlyn_abdo_all:  35%|███▍      | 1389/4000 [00:36<00:37, 69.60sample/s]hamlyn_abdo_all:  35%|███▍      | 1397/4000 [00:36<00:37, 69.12sample/s]hamlyn_abdo_all:  35%|███▌      | 1405/4000 [00:36<00:36, 70.71sample/s]hamlyn_abdo_all:  35%|███▌      | 1413/4000 [00:36<00:36, 71.36sample/s]hamlyn_abdo_all:  36%|███▌      | 1421/4000 [00:37<00:36, 71.13sample/s]hamlyn_abdo_all:  36%|███▌      | 1429/4000 [00:37<00:36, 71.29sample/s]hamlyn_abdo_all:  36%|███▌      | 1437/4000 [00:37<00:35, 72.55sample/s]hamlyn_abdo_all:  36%|███▌      | 1447/4000 [00:37<00:32, 79.07sample/s]hamlyn_abdo_all:  36%|███▋      | 1457/4000 [00:37<00:31, 80.21sample/s]hamlyn_abdo_all:  37%|███▋      | 1466/4000 [00:37<00:31, 79.27sample/s]hamlyn_abdo_all:  37%|███▋      | 1475/4000 [00:37<00:34, 74.04sample/s]hamlyn_abdo_all:  37%|███▋      | 1483/4000 [00:37<00:43, 57.60sample/s]hamlyn_abdo_all:  37%|███▋      | 1491/4000 [00:38<00:40, 61.59sample/s]hamlyn_abdo_all:  37%|███▋      | 1499/4000 [00:38<00:38, 64.43sample/s]hamlyn_abdo_all:  38%|███▊      | 1506/4000 [00:38<00:40, 62.04sample/s]hamlyn_abdo_all:  38%|███▊      | 1514/4000 [00:38<00:37, 66.17sample/s]hamlyn_abdo_all:  38%|███▊      | 1522/4000 [00:38<00:37, 66.03sample/s]hamlyn_abdo_all:  38%|███▊      | 1530/4000 [00:38<00:36, 66.88sample/s]hamlyn_abdo_all:  38%|███▊      | 1537/4000 [00:38<00:36, 66.96sample/s]hamlyn_abdo_all:  39%|███▊      | 1544/4000 [00:38<00:36, 67.41sample/s]hamlyn_abdo_all:  39%|███▉      | 1551/4000 [00:38<00:37, 65.78sample/s]hamlyn_abdo_all:  39%|███▉      | 1558/4000 [00:39<00:37, 64.99sample/s]hamlyn_abdo_all:  39%|███▉      | 1565/4000 [00:39<00:40, 59.41sample/s]hamlyn_abdo_all:  39%|███▉      | 1573/4000 [00:39<00:37, 64.12sample/s]hamlyn_abdo_all:  40%|███▉      | 1581/4000 [00:39<00:36, 66.52sample/s]hamlyn_abdo_all:  40%|███▉      | 1589/4000 [00:39<00:35, 67.99sample/s]hamlyn_abdo_all:  40%|███▉      | 1596/4000 [00:39<00:35, 67.25sample/s]hamlyn_abdo_all:  40%|████      | 1603/4000 [00:39<00:35, 67.89sample/s]hamlyn_abdo_all:  40%|████      | 1611/4000 [00:39<00:33, 70.49sample/s]hamlyn_abdo_all:  40%|████      | 1619/4000 [00:39<00:35, 67.00sample/s]hamlyn_abdo_all:  41%|████      | 1626/4000 [00:40<00:36, 65.52sample/s]hamlyn_abdo_all:  41%|████      | 1634/4000 [00:40<00:35, 66.89sample/s]hamlyn_abdo_all:  41%|████      | 1642/4000 [00:40<00:34, 68.91sample/s]hamlyn_abdo_all:  41%|████      | 1649/4000 [00:40<00:34, 68.56sample/s]hamlyn_abdo_all:  41%|████▏     | 1657/4000 [00:40<00:33, 68.95sample/s]hamlyn_abdo_all:  42%|████▏     | 1664/4000 [00:40<00:34, 67.01sample/s]hamlyn_abdo_all:  42%|████▏     | 1671/4000 [00:40<00:35, 64.79sample/s]hamlyn_abdo_all:  42%|████▏     | 1679/4000 [00:40<00:35, 66.29sample/s]hamlyn_abdo_all:  42%|████▏     | 1686/4000 [00:41<00:37, 62.21sample/s]hamlyn_abdo_all:  42%|████▏     | 1693/4000 [00:41<00:36, 63.86sample/s]hamlyn_abdo_all:  43%|████▎     | 1701/4000 [00:41<00:34, 65.95sample/s]hamlyn_abdo_all:  43%|████▎     | 1710/4000 [00:41<00:32, 70.38sample/s]hamlyn_abdo_all:  43%|████▎     | 1720/4000 [00:41<00:30, 75.55sample/s]hamlyn_abdo_all:  43%|████▎     | 1728/4000 [00:41<00:31, 73.18sample/s]hamlyn_abdo_all:  43%|████▎     | 1737/4000 [00:41<00:29, 75.96sample/s]hamlyn_abdo_all:  44%|████▎     | 1746/4000 [00:41<00:29, 77.22sample/s]hamlyn_abdo_all:  44%|████▍     | 1756/4000 [00:41<00:28, 79.69sample/s]hamlyn_abdo_all:  44%|████▍     | 1765/4000 [00:42<00:28, 79.69sample/s]hamlyn_abdo_all:  44%|████▍     | 1774/4000 [00:42<00:27, 82.32sample/s]hamlyn_abdo_all:  45%|████▍     | 1783/4000 [00:42<00:27, 80.66sample/s]hamlyn_abdo_all:  45%|████▍     | 1792/4000 [00:42<00:27, 81.34sample/s]hamlyn_abdo_all:  45%|████▌     | 1801/4000 [00:42<00:30, 71.91sample/s]hamlyn_abdo_all:  45%|████▌     | 1809/4000 [00:42<00:32, 67.18sample/s]hamlyn_abdo_all:  45%|████▌     | 1816/4000 [00:42<00:34, 63.72sample/s]hamlyn_abdo_all:  46%|████▌     | 1823/4000 [00:42<00:33, 65.16sample/s]hamlyn_abdo_all:  46%|████▌     | 1830/4000 [00:42<00:34, 63.55sample/s]hamlyn_abdo_all:  46%|████▌     | 1837/4000 [00:43<00:36, 59.17sample/s]hamlyn_abdo_all:  46%|████▌     | 1844/4000 [00:43<00:35, 60.08sample/s]hamlyn_abdo_all:  46%|████▋     | 1851/4000 [00:43<00:35, 59.70sample/s]hamlyn_abdo_all:  46%|████▋     | 1859/4000 [00:43<00:33, 63.64sample/s]hamlyn_abdo_all:  47%|████▋     | 1866/4000 [00:43<00:35, 60.57sample/s]hamlyn_abdo_all:  47%|████▋     | 1873/4000 [00:43<00:34, 61.01sample/s]hamlyn_abdo_all:  47%|████▋     | 1880/4000 [00:43<00:33, 62.98sample/s]hamlyn_abdo_all:  47%|████▋     | 1887/4000 [00:43<00:33, 63.97sample/s]hamlyn_abdo_all:  47%|████▋     | 1896/4000 [00:44<00:30, 69.15sample/s]hamlyn_abdo_all:  48%|████▊     | 1903/4000 [00:44<00:41, 51.05sample/s]hamlyn_abdo_all:  48%|████▊     | 1910/4000 [00:44<00:37, 55.29sample/s]hamlyn_abdo_all:  48%|████▊     | 1917/4000 [00:44<00:35, 57.88sample/s]hamlyn_abdo_all:  48%|████▊     | 1924/4000 [00:44<00:34, 60.09sample/s]hamlyn_abdo_all:  48%|████▊     | 1931/4000 [00:44<00:34, 59.75sample/s]hamlyn_abdo_all:  48%|████▊     | 1938/4000 [00:44<00:33, 61.97sample/s]hamlyn_abdo_all:  49%|████▊     | 1945/4000 [00:44<00:32, 63.02sample/s]hamlyn_abdo_all:  49%|████▉     | 1952/4000 [00:45<00:32, 64.00sample/s]hamlyn_abdo_all:  49%|████▉     | 1959/4000 [00:45<00:32, 63.56sample/s]Traceback (most recent call last):
  File "/home/ziyi/miniconda3/envs/dam/lib/python3.11/site-packages/torch/serialization.py", line 967, in save
    _save(
  File "/home/ziyi/miniconda3/envs/dam/lib/python3.11/site-packages/torch/serialization.py", line 1268, in _save
    zip_file.write_record(name, storage, num_bytes)
RuntimeError: [enforce fail at inline_container.cc:858] . PytorchStreamWriter failed writing file data/0: file write failed

During handling of the above exception, another exception occurred:

Traceback (most recent call last):
  File "<frozen runpy>", line 198, in _run_module_as_main
  File "<frozen runpy>", line 88, in _run_code
  File "/data/ziyi/multitask/code/DepthAnythingV2/multitask_moe_lora/dataset/cache_utils_data.py", line 770, in <module>
    main()
  File "/data/ziyi/multitask/code/DepthAnythingV2/multitask_moe_lora/dataset/cache_utils_data.py", line 757, in main
    run_job(
  File "/data/ziyi/multitask/code/DepthAnythingV2/multitask_moe_lora/dataset/cache_utils_data.py", line 623, in run_job
    torch.save(payload, cache_path)
  File "/home/ziyi/miniconda3/envs/dam/lib/python3.11/site-packages/torch/serialization.py", line 966, in save
    with _open_zipfile_writer(f) as opened_zipfile:
  File "/home/ziyi/miniconda3/envs/dam/lib/python3.11/site-packages/torch/serialization.py", line 798, in __exit__
    self.file_like.write_end_of_file()
RuntimeError: [enforce fail at inline_container.cc:664] . unexpected pos 1280 vs 1174
hamlyn_abdo_all:  49%|████▉     | 1964/4000 [00:45<00:47, 43.22sample/s]
